===== Report Generated on Tue Mar  4 12:42:02 IST 2025 ======

======= S3 Buckets =======
2025-03-04 12:14:44 myawsnewbuckert

======= EC2 Instances =======
Reservations:
- Groups: []
  Instances:
  - AmiLaunchIndex: 0
    Architecture: x86_64
    BlockDeviceMappings:
    - DeviceName: /dev/xvda
      Ebs:
        AttachTime: '2025-01-25T09:14:56+00:00'
        DeleteOnTermination: true
        Status: attached
        VolumeId: vol-02f37b48278971c10
    BootMode: uefi-preferred
    CapacityReservationSpecification:
      CapacityReservationPreference: open
    ClientToken: c3306308-fa98-4740-afeb-4f8b3a369ff4
    CpuOptions:
      CoreCount: 1
      ThreadsPerCore: 1
    CurrentInstanceBootMode: legacy-bios
    EbsOptimized: false
    EnaSupport: true
    EnclaveOptions:
      Enabled: false
    HibernationOptions:
      Configured: false
    Hypervisor: xen
    ImageId: ami-0ac4dfaf1c5c0cce9
    InstanceId: i-08b1d99569836c289
    InstanceType: t2.micro
    KeyName: aws1
    LaunchTime: '2025-03-04T05:47:10+00:00'
    MaintenanceOptions:
      AutoRecovery: default
    MetadataOptions:
      HttpEndpoint: enabled
      HttpProtocolIpv6: disabled
      HttpPutResponseHopLimit: 2
      HttpTokens: optional
      InstanceMetadataTags: disabled
      State: applied
    Monitoring:
      State: enabled
    NetworkInterfaces:
    - Association:
        IpOwnerId: amazon
        PublicDnsName: ec2-44-211-69-191.compute-1.amazonaws.com
        PublicIp: 44.211.69.191
      Attachment:
        AttachTime: '2025-01-25T09:14:56+00:00'
        AttachmentId: eni-attach-07374376ed63e6831
        DeleteOnTermination: true
        DeviceIndex: 0
        NetworkCardIndex: 0
        Status: attached
      Description: ''
      Groups:
      - GroupId: sg-069a7ecc331ce1c93
        GroupName: default
      InterfaceType: interface
      Ipv6Addresses: []
      MacAddress: 12:7b:6d:b7:6b:8b
      NetworkInterfaceId: eni-0081e3deb86d5eed0
      OwnerId: '985539753614'
      PrivateDnsName: ip-172-31-82-80.ec2.internal
      PrivateIpAddress: 172.31.82.80
      PrivateIpAddresses:
      - Association:
          IpOwnerId: amazon
          PublicDnsName: ec2-44-211-69-191.compute-1.amazonaws.com
          PublicIp: 44.211.69.191
        Primary: true
        PrivateDnsName: ip-172-31-82-80.ec2.internal
        PrivateIpAddress: 172.31.82.80
      SourceDestCheck: true
      Status: in-use
      SubnetId: subnet-0194664e2d0368b01
      VpcId: vpc-0d8cc5d4dbebe1f4a
    Placement:
      AvailabilityZone: us-east-1b
      GroupName: ''
      Tenancy: default
    PlatformDetails: Linux/UNIX
    PrivateDnsName: ip-172-31-82-80.ec2.internal
    PrivateDnsNameOptions:
      EnableResourceNameDnsAAAARecord: false
      EnableResourceNameDnsARecord: false
      HostnameType: ip-name
    PrivateIpAddress: 172.31.82.80
    ProductCodes: []
    PublicDnsName: ec2-44-211-69-191.compute-1.amazonaws.com
    PublicIpAddress: 44.211.69.191
    RootDeviceName: /dev/xvda
    RootDeviceType: ebs
    SecurityGroups:
    - GroupId: sg-069a7ecc331ce1c93
      GroupName: default
    SourceDestCheck: true
    State:
      Code: 16
      Name: running
    StateTransitionReason: ''
    SubnetId: subnet-0194664e2d0368b01
    Tags:
    - Key: Name
      Value: new demo
    UsageOperation: RunInstances
    UsageOperationUpdateTime: '2025-01-25T09:14:56+00:00'
    VirtualizationType: hvm
    VpcId: vpc-0d8cc5d4dbebe1f4a
  OwnerId: '985539753614'
  ReservationId: r-043daac526179b064

======= Lambda Functions =======
Functions: []

======= IAM Users =======
Users:
- Arn: arn:aws:iam::985539753614:user/aws-tracker-user
  CreateDate: '2025-02-10T12:07:03+00:00'
  Path: /
  UserId: AIDA6K5V7G2HHPMPO2DKU
  UserName: aws-tracker-user
- Arn: arn:aws:iam::985539753614:user/Guptha-me
  CreateDate: '2025-01-29T12:02:16+00:00'
  PasswordLastUsed: '2025-02-07T05:36:19+00:00'
  Path: /
  UserId: AIDA6K5V7G2HPEM5KQFHU
  UserName: Guptha-me
